<?xml version="1.0" encoding="UTF-8"?>
<!-- Generated by org.testng.reporters.JUnitReportReporter -->
<testsuite hostname="DESKTOP-F5BRIJ9" failures="0" tests="1" name="com.task.MyTask" time="0.012" errors="0" timestamp="04 May 2023 11:32:25 GMT" skipped="0">
  <testcase classname="com.task.MyTask" name="runCode" time="0.012"/>
</testsuite> <!-- com.task.MyTask -->
